# JRE version: OpenJDK Runtime Environment Temurin-17.0.14+7 (17.0.14+7) (build 17.0.14+7)
# Java VM: OpenJDK 64-Bit Server VM Temurin-17.0.14+7 (17.0.14+7, mixed mode, tiered, compressed oops, compressed class ptrs, g1 gc, windows-amd64)
GC Precious Log:
 CPUs: 12 total, 12 available
 Memory: 7502M
 Large Page Support: Disabled
 NUMA Support: Disabled
 Compressed Oops: Enabled (32-bit)
 Heap Region Size: 1M
 Heap Min Capacity: 8M
 Heap Initial Capacity: 118M
 Heap Max Capacity: 2G
 Pre-touch: Disabled
 Parallel Workers: 10
 Concurrent Workers: 3
 Concurrent Refinement Workers: 10
 Periodic GC: Disabled
Heap:
 garbage-first heap   total 107520K, used 86271K [0x0000000080000000, 0x0000000100000000)
  region size 1024K, 45 young (46080K), 3 survivors (3072K)
 Metaspace       used 50243K, committed 51008K, reserved 1114112K
  class space    used 5751K, committed 6080K, reserved 1048576K
GC Heap History (20 events):
Event: 5.483 GC heap before
{Heap before GC invocations=6 (full 0):
 garbage-first heap   total 89088K, used 61129K [0x0000000080000000, 0x0000000100000000)
  region size 1024K, 37 young (37888K), 3 survivors (3072K)
 Metaspace       used 26473K, committed 26880K, reserved 1114112K
  class space    used 2760K, committed 2944K, reserved 1048576K
}
Event: 5.492 GC heap after
{Heap after GC invocations=7 (full 0):
 garbage-first heap   total 89088K, used 29045K [0x0000000080000000, 0x0000000100000000)
  region size 1024K, 5 young (5120K), 5 survivors (5120K)
 Metaspace       used 26473K, committed 26880K, reserved 1114112K
  class space    used 2760K, committed 2944K, reserved 1048576K
}
Event: 5.949 GC heap before
{Heap before GC invocations=7 (full 0):
 garbage-first heap   total 89088K, used 62837K [0x0000000080000000, 0x0000000100000000)
  region size 1024K, 38 young (38912K), 5 survivors (5120K)
 Metaspace       used 29035K, committed 29376K, reserved 1114112K
  class space    used 3044K, committed 3200K, reserved 1048576K
}
Event: 5.958 GC heap after
{Heap after GC invocations=8 (full 0):
 garbage-first heap   total 89088K, used 30154K [0x0000000080000000, 0x0000000100000000)
  region size 1024K, 1 young (1024K), 1 survivors (1024K)
 Metaspace       used 29035K, committed 29376K, reserved 1114112K
  class space    used 3044K, committed 3200K, reserved 1048576K
}
Event: 6.126 GC heap before
{Heap before GC invocations=8 (full 0):
 garbage-first heap   total 89088K, used 68042K [0x0000000080000000, 0x0000000100000000)
  region size 1024K, 35 young (35840K), 1 survivors (1024K)
 Metaspace       used 30216K, committed 30592K, reserved 1114112K
  class space    used 3125K, committed 3264K, reserved 1048576K
}
Event: 6.130 GC heap after
{Heap after GC invocations=9 (full 0):
 garbage-first heap   total 89088K, used 30665K [0x0000000080000000, 0x0000000100000000)
  region size 1024K, 2 young (2048K), 2 survivors (2048K)
 Metaspace       used 30216K, committed 30592K, reserved 1114112K
  class space    used 3125K, committed 3264K, reserved 1048576K
}
Event: 6.551 GC heap before
{Heap before GC invocations=9 (full 0):
 garbage-first heap   total 89088K, used 66505K [0x0000000080000000, 0x0000000100000000)
  region size 1024K, 37 young (37888K), 2 survivors (2048K)
 Metaspace       used 32846K, committed 33280K, reserved 1114112K
  class space    used 3430K, committed 3648K, reserved 1048576K
}
Event: 6.557 GC heap after
{Heap after GC invocations=10 (full 0):
 garbage-first heap   total 107520K, used 31754K [0x0000000080000000, 0x0000000100000000)
  region size 1024K, 3 young (3072K), 3 survivors (3072K)
 Metaspace       used 32846K, committed 33280K, reserved 1114112K
  class space    used 3430K, committed 3648K, reserved 1048576K
}
Event: 6.984 GC heap before
{Heap before GC invocations=10 (full 0):
 garbage-first heap   total 107520K, used 83978K [0x0000000080000000, 0x0000000100000000)
  region size 1024K, 54 young (55296K), 3 survivors (3072K)
 Metaspace       used 34041K, committed 34432K, reserved 1114112K
  class space    used 3527K, committed 3712K, reserved 1048576K
}
Event: 6.992 GC heap after
{Heap after GC invocations=11 (full 0):
 garbage-first heap   total 107520K, used 33672K [0x0000000080000000, 0x0000000100000000)
  region size 1024K, 5 young (5120K), 5 survivors (5120K)
 Metaspace       used 34041K, committed 34432K, reserved 1114112K
  class space    used 3527K, committed 3712K, reserved 1048576K
}
Event: 7.346 GC heap before
{Heap before GC invocations=11 (full 0):
 garbage-first heap   total 107520K, used 68488K [0x0000000080000000, 0x0000000100000000)
  region size 1024K, 40 young (40960K), 5 survivors (5120K)
 Metaspace       used 35667K, committed 36096K, reserved 1114112K
  class space    used 3754K, committed 3968K, reserved 1048576K
}
Event: 7.358 GC heap after
{Heap after GC invocations=12 (full 0):
 garbage-first heap   total 107520K, used 36629K [0x0000000080000000, 0x0000000100000000)
  region size 1024K, 6 young (6144K), 6 survivors (6144K)
 Metaspace       used 35667K, committed 36096K, reserved 1114112K
  class space    used 3754K, committed 3968K, reserved 1048576K
}
Event: 11.469 GC heap before
{Heap before GC invocations=13 (full 0):
 garbage-first heap   total 107520K, used 83733K [0x0000000080000000, 0x0000000100000000)
  region size 1024K, 53 young (54272K), 6 survivors (6144K)
 Metaspace       used 44336K, committed 44928K, reserved 1114112K
  class space    used 4904K, committed 5184K, reserved 1048576K
}
Event: 11.482 GC heap after
{Heap after GC invocations=14 (full 0):
 garbage-first heap   total 107520K, used 40703K [0x0000000080000000, 0x0000000100000000)
  region size 1024K, 7 young (7168K), 7 survivors (7168K)
 Metaspace       used 44336K, committed 44928K, reserved 1114112K
  class space    used 4904K, committed 5184K, reserved 1048576K
}
Event: 16.845 GC heap before
{Heap before GC invocations=14 (full 0):
 garbage-first heap   total 107520K, used 84735K [0x0000000080000000, 0x0000000100000000)
  region size 1024K, 50 young (51200K), 7 survivors (7168K)
 Metaspace       used 48334K, committed 48960K, reserved 1114112K
  class space    used 5583K, committed 5888K, reserved 1048576K
}
Event: 16.862 GC heap after
{Heap after GC invocations=15 (full 0):
 garbage-first heap   total 107520K, used 41584K [0x0000000080000000, 0x0000000100000000)
  region size 1024K, 5 young (5120K), 5 survivors (5120K)
 Metaspace       used 48334K, committed 48960K, reserved 1114112K
  class space    used 5583K, committed 5888K, reserved 1048576K
}
Event: 27.933 GC heap before
{Heap before GC invocations=15 (full 0):
 garbage-first heap   total 107520K, used 87664K [0x0000000080000000, 0x0000000100000000)
  region size 1024K, 49 young (50176K), 5 survivors (5120K)
 Metaspace       used 49365K, committed 50048K, reserved 1114112K
  class space    used 5692K, committed 6016K, reserved 1048576K
}
Event: 27.945 GC heap after
{Heap after GC invocations=16 (full 0):
 garbage-first heap   total 107520K, used 43333K [0x0000000080000000, 0x0000000100000000)
  region size 1024K, 3 young (3072K), 3 survivors (3072K)
 Metaspace       used 49365K, committed 50048K, reserved 1114112K
  class space    used 5692K, committed 6016K, reserved 1048576K
}
Event: 34.838 GC heap before
{Heap before GC invocations=16 (full 0):
 garbage-first heap   total 107520K, used 89413K [0x0000000080000000, 0x0000000100000000)
  region size 1024K, 46 young (47104K), 3 survivors (3072K)
 Metaspace       used 49816K, committed 50560K, reserved 1114112K
  class space    used 5705K, committed 6016K, reserved 1048576K
}
Event: 34.847 GC heap after
{Heap after GC invocations=17 (full 0):
 garbage-first heap   total 107520K, used 43263K [0x0000000080000000, 0x0000000100000000)
  region size 1024K, 3 young (3072K), 3 survivors (3072K)
 Metaspace       used 49816K, committed 50560K, reserved 1114112K
  class space    used 5705K, committed 6016K, reserved 1048576K
}

